[2022-10-17 11:41:22] glpiphplog.WARNING: Test logger  
[2022-10-17 11:42:22] glpiphplog.CRITICAL:   *** Uncaught Exception Error: Call to a member function getTime() on null in /usr/share/nginx/html/glpi/src/Html.php at line 785
  Backtrace :
  src/Html.php:1935                                  Html::displayDebugInfos()
  src/Html.php:2155                                  Html::footer()
  src/Html.php:948                                   Html::nullFooter()
  src/Session.php:1482                               Html::displayErrorAndDie()
  install/install.php:546                            Session::checkCSRF()
  
[2022-10-17 11:42:24] glpiphplog.DEBUG: Html::compileScss() in /usr/share/nginx/html/glpi/src/Html.php line 6849
Compile css/palettes/auror.scss  {"user":"@7256f37a79c7"} 
[2022-10-17 12:54:37] glpiphplog.WARNING:   *** PHP Warning (2): mysqli::real_connect(): (HY000/2002): Connection refused in /usr/share/nginx/html/glpi/src/DBmysql.php at line 250
  Backtrace :
  src/DBmysql.php:250                                mysqli->real_connect()
  src/DBmysql.php:209                                DBmysql->connect()
  src/DBConnection.php:412                           DBmysql->__construct()
  src/DBConnection.php:501                           DBConnection::switchToMaster()
  inc/config.php:116                                 DBConnection::establishDBConnection()
  inc/includes.php:53                                include_once()
  index.php:89                                       include()
  
[2022-10-17 12:54:43] glpiphplog.WARNING:   *** PHP Warning (2): mysqli::real_connect(): (HY000/2002): Connection refused in /usr/share/nginx/html/glpi/src/DBmysql.php at line 250
  Backtrace :
  src/DBmysql.php:250                                mysqli->real_connect()
  src/DBmysql.php:209                                DBmysql->connect()
  src/DBConnection.php:412                           DBmysql->__construct()
  src/DBConnection.php:501                           DBConnection::switchToMaster()
  inc/config.php:116                                 DBConnection::establishDBConnection()
  inc/includes.php:53                                include_once()
  front/locale.php:41                                include()
  
[2022-10-17 12:54:46] glpiphplog.WARNING:   *** PHP Warning (2): mysqli::real_connect(): (HY000/2002): Connection refused in /usr/share/nginx/html/glpi/src/DBmysql.php at line 250
  Backtrace :
  src/DBmysql.php:250                                mysqli->real_connect()
  src/DBmysql.php:209                                DBmysql->connect()
  src/DBConnection.php:412                           DBmysql->__construct()
  src/DBConnection.php:501                           DBConnection::switchToMaster()
  inc/config.php:116                                 DBConnection::establishDBConnection()
  inc/includes.php:53                                include_once()
  index.php:89                                       include()
  
[2022-10-17 12:54:48] glpiphplog.WARNING:   *** PHP Warning (2): mysqli::real_connect(): (HY000/2002): Connection refused in /usr/share/nginx/html/glpi/src/DBmysql.php at line 250
  Backtrace :
  src/DBmysql.php:250                                mysqli->real_connect()
  src/DBmysql.php:209                                DBmysql->connect()
  src/DBConnection.php:412                           DBmysql->__construct()
  src/DBConnection.php:501                           DBConnection::switchToMaster()
  inc/config.php:116                                 DBConnection::establishDBConnection()
  inc/includes.php:53                                include_once()
  front/locale.php:41                                include()
  
