[2022-10-17 12:53:17] glpisqllog.ERROR: DBmysql::query() in /usr/share/nginx/html/glpi/src/DBmysql.php line 370
  *** MySQL query error:
  SQL: SELECT * FROM `glpi_configs`
  Error: Table 'glpidb.glpi_configs' doesn't exist
  Backtrace :
  src/DBmysqlIterator.php:110                        
  src/DBmysql.php:1048                               DBmysqlIterator->execute()
  src/Config.php:3018                                DBmysql->request()
  inc/config.php:120                                 Config::loadLegacyConfiguration()
  inc/includes.php:53                                include_once()
  index.php:89                                       include()
  {"user":"@2314e92490b6"} 
[2022-10-17 12:53:18] glpisqllog.ERROR: DBmysql::query() in /usr/share/nginx/html/glpi/src/DBmysql.php line 370
  *** MySQL query error:
  SQL: SELECT * FROM `glpi_configs`
  Error: Table 'glpidb.glpi_configs' doesn't exist
  Backtrace :
  src/DBmysqlIterator.php:110                        
  src/DBmysql.php:1048                               DBmysqlIterator->execute()
  src/Config.php:3018                                DBmysql->request()
  inc/config.php:120                                 Config::loadLegacyConfiguration()
  inc/includes.php:53                                include_once()
  index.php:89                                       include()
  {"user":"@2314e92490b6"} 
[2022-10-17 12:55:11] glpisqllog.ERROR: DBmysql::query() in /usr/share/nginx/html/glpi/src/DBmysql.php line 370
  *** MySQL query error:
  SQL: SELECT * FROM `glpi_configs`
  Error: Table 'glpidb.glpi_configs' doesn't exist
  Backtrace :
  src/DBmysqlIterator.php:110                        
  src/DBmysql.php:1048                               DBmysqlIterator->execute()
  src/Config.php:3018                                DBmysql->request()
  inc/config.php:120                                 Config::loadLegacyConfiguration()
  inc/includes.php:53                                include_once()
  index.php:89                                       include()
  {"user":"@2314e92490b6"} 
[2022-10-17 12:55:26] glpisqllog.ERROR: DBmysql::query() in /usr/share/nginx/html/glpi/src/DBmysql.php line 370
  *** MySQL query error:
  SQL: SELECT * FROM `glpi_configs`
  Error: Table 'glpidb.glpi_configs' doesn't exist
  Backtrace :
  src/DBmysqlIterator.php:110                        
  src/DBmysql.php:1048                               DBmysqlIterator->execute()
  src/Config.php:3018                                DBmysql->request()
  inc/config.php:120                                 Config::loadLegacyConfiguration()
  inc/includes.php:53                                include_once()
  index.php:89                                       include()
  {"user":"@2314e92490b6"} 
[2022-10-17 12:55:42] glpisqllog.ERROR: DBmysql::query() in /usr/share/nginx/html/glpi/src/DBmysql.php line 370
  *** MySQL query error:
  SQL: SELECT * FROM `glpi_configs`
  Error: Table 'glpidb.glpi_configs' doesn't exist
  Backtrace :
  src/DBmysqlIterator.php:110                        
  src/DBmysql.php:1048                               DBmysqlIterator->execute()
  src/Config.php:3018                                DBmysql->request()
  inc/config.php:120                                 Config::loadLegacyConfiguration()
  inc/includes.php:53                                include_once()
  index.php:89                                       include()
  {"user":"@2314e92490b6"} 
[2022-10-17 12:57:49] glpisqllog.ERROR: DBmysql::query() in /usr/share/nginx/html/glpi/src/DBmysql.php line 370
  *** MySQL query error:
  SQL: SELECT * FROM `glpi_configs`
  Error: Table 'glpidb.glpi_configs' doesn't exist
  Backtrace :
  src/DBmysqlIterator.php:110                        
  src/DBmysql.php:1048                               DBmysqlIterator->execute()
  src/Config.php:3018                                DBmysql->request()
  inc/config.php:120                                 Config::loadLegacyConfiguration()
  inc/includes.php:53                                include_once()
  index.php:89                                       include()
  {"user":"@2314e92490b6"} 
[2022-10-17 13:31:31] glpisqllog.ERROR: DBmysql::query() in /usr/share/nginx/html/glpi/src/DBmysql.php line 370
  *** MySQL query error:
  SQL: SELECT * FROM `glpi_configs`
  Error: Table 'glpidb.glpi_configs' doesn't exist
  Backtrace :
  src/DBmysqlIterator.php:110                        
  src/DBmysql.php:1048                               DBmysqlIterator->execute()
  src/Config.php:3018                                DBmysql->request()
  inc/config.php:120                                 Config::loadLegacyConfiguration()
  inc/includes.php:53                                include_once()
  index.php:89                                       include()
  {"user":"@2314e92490b6"} 
